<?xml version="1.0" encoding="UTF-8"?>
<!-- Generated by org.testng.reporters.JUnitReportReporter -->
<testsuite hostname="DESKTOP-76CP6Q0" failures="0" tests="1" name="testCases.RegistrationFunctionality.TC_RF_008" time="14.177" errors="0" timestamp="2022-11-11T15:23:58 IST" skipped="0">
  <testcase classname="testCases.RegistrationFunctionality.TC_RF_008" name="registration" time="14.177"/>
  <system-out/>
</testsuite> <!-- testCases.RegistrationFunctionality.TC_RF_008 -->
