<?xml version="1.0" encoding="UTF-8"?>
<!-- Generated by org.testng.reporters.JUnitReportReporter -->
<testsuite hostname="DESKTOP-76CP6Q0" failures="0" tests="1" name="testCases.RegistrationFunctionality.TC_RF_006" time="16.780" errors="0" timestamp="2022-11-12T15:03:06 IST" skipped="0">
  <testcase classname="testCases.RegistrationFunctionality.TC_RF_006" name="registration" time="16.780"/>
  <system-out/>
</testsuite> <!-- testCases.RegistrationFunctionality.TC_RF_006 -->
