<?xml version="1.0" encoding="UTF-8"?>
<!-- Generated by org.testng.reporters.JUnitReportReporter -->
<testsuite hostname="DESKTOP-76CP6Q0" failures="0" tests="1" name="testCases.RegistrationFunctionality.TC_RF_007" time="23.466" errors="0" timestamp="2022-11-11T15:17:02 IST" skipped="0">
  <testcase classname="testCases.RegistrationFunctionality.TC_RF_007" name="Registration" time="23.466"/>
  <system-out/>
</testsuite> <!-- testCases.RegistrationFunctionality.TC_RF_007 -->
