<?xml version="1.0" encoding="UTF-8"?>
<!-- Generated by org.testng.reporters.JUnitReportReporter -->
<testsuite hostname="DESKTOP-76CP6Q0" failures="0" tests="1" name="testCases.RegistrationFunctionality.TC_RF_005" time="10.731" errors="0" timestamp="2022-11-11T13:47:09 IST" skipped="0">
  <testcase classname="testCases.RegistrationFunctionality.TC_RF_005" name="registration" time="10.731"/>
  <system-out/>
</testsuite> <!-- testCases.RegistrationFunctionality.TC_RF_005 -->
