<?xml version="1.0" encoding="UTF-8"?>
<!-- Generated by org.testng.reporters.JUnitReportReporter -->
<testsuite hostname="DESKTOP-76CP6Q0" failures="0" tests="1" name="testCases.TC1_Registration" time="8.158" errors="0" timestamp="2022-11-09T11:58:55 IST" skipped="0">
  <testcase classname="testCases.TC1_Registration" name="registration" time="8.158"/>
  <system-out/>
</testsuite> <!-- testCases.TC1_Registration -->
