<?xml version="1.0" encoding="UTF-8"?>
<!-- Generated by org.testng.reporters.JUnitReportReporter -->
<testsuite hostname="DESKTOP-76CP6Q0" failures="0" tests="1" name="testCases.TC2_Login" time="3.966" errors="0" timestamp="2022-11-09T11:58:55 IST" skipped="0">
  <testcase classname="testCases.TC2_Login" name="login" time="3.966"/>
  <system-out/>
</testsuite> <!-- testCases.TC2_Login -->
