<?xml version="1.0" encoding="UTF-8"?>
<!-- Generated by org.testng.reporters.JUnitReportReporter -->
<testsuite hostname="DESKTOP-76CP6Q0" failures="0" tests="1" name="testCases.RegistrationFunctionality.TC_RF_0023" time="28.233" errors="0" timestamp="2022-11-26T22:36:50 IST" skipped="0">
  <testcase classname="testCases.RegistrationFunctionality.TC_RF_0023" name="registraion" time="28.233"/>
  <system-out/>
</testsuite> <!-- testCases.RegistrationFunctionality.TC_RF_0023 -->
