<?xml version="1.0" encoding="UTF-8"?>
<!-- Generated by org.testng.reporters.JUnitReportReporter -->
<testsuite hostname="DESKTOP-76CP6Q0" failures="0" tests="5" name="testCases.TC3_DataDrivenLoginTest" time="68.681" errors="0" timestamp="2022-11-09T11:52:23 IST" skipped="0">
  <testcase classname="testCases.TC3_DataDrivenLoginTest" name="loginDtt" time="13.643"/>
  <system-out/>
  <testcase classname="testCases.TC3_DataDrivenLoginTest" name="loginDtt" time="15.881"/>
  <system-out/>
  <testcase classname="testCases.TC3_DataDrivenLoginTest" name="loginDtt" time="21.074"/>
  <system-out/>
  <testcase classname="testCases.TC3_DataDrivenLoginTest" name="loginDtt" time="3.564"/>
  <system-out/>
  <testcase classname="testCases.TC3_DataDrivenLoginTest" name="loginDtt" time="14.519"/>
  <system-out/>
</testsuite> <!-- testCases.TC3_DataDrivenLoginTest -->
