<?xml version="1.0" encoding="UTF-8"?>
<!-- Generated by org.testng.reporters.JUnitReportReporter -->
<testsuite hostname="DESKTOP-76CP6Q0" failures="0" tests="1" name="testCases.RegistrationFunctionality.TC_RF_0010" time="29.897" errors="0" timestamp="2022-11-14T15:35:06 IST" skipped="0">
  <testcase classname="testCases.RegistrationFunctionality.TC_RF_0010" name="registration" time="29.897"/>
  <system-out/>
</testsuite> <!-- testCases.RegistrationFunctionality.TC_RF_0010 -->
