<?xml version="1.0" encoding="UTF-8"?>
<!-- Generated by org.testng.reporters.JUnitReportReporter -->
<testsuite hostname="DESKTOP-76CP6Q0" failures="0" tests="1" name="testCases.RegistrationFunctionality.TC_RF_0020" time="5.173" errors="0" timestamp="2022-11-16T13:14:23 IST" skipped="0">
  <testcase classname="testCases.RegistrationFunctionality.TC_RF_0020" name="registration" time="5.173"/>
  <system-out/>
</testsuite> <!-- testCases.RegistrationFunctionality.TC_RF_0020 -->
