<?xml version="1.0" encoding="UTF-8"?>
<!-- Generated by org.testng.reporters.JUnitReportReporter -->
<testsuite hostname="DESKTOP-76CP6Q0" failures="0" tests="1" name="testCases.TC5_AddToCartTest" time="7.753" errors="0" timestamp="2022-11-09T17:27:46 IST" skipped="0">
  <testcase classname="testCases.TC5_AddToCartTest" name="addToCart" time="7.753"/>
  <system-out/>
</testsuite> <!-- testCases.TC5_AddToCartTest -->
