<?xml version="1.0" encoding="UTF-8"?>
<!-- Generated by org.testng.reporters.JUnitReportReporter -->
<testsuite hostname="DESKTOP-76CP6Q0" failures="0" tests="1" name="testCases.TC6_ViewShoppingCartTest" time="22.785" errors="0" timestamp="2022-11-09T17:43:58 IST" skipped="0">
  <testcase classname="testCases.TC6_ViewShoppingCartTest" name="viewShoppingCart" time="22.785"/>
  <system-out/>
</testsuite> <!-- testCases.TC6_ViewShoppingCartTest -->
