<?xml version="1.0" encoding="UTF-8"?>
<!-- Generated by org.testng.reporters.JUnitReportReporter -->
<testsuite hostname="DESKTOP-76CP6Q0" failures="0" tests="1" name="testCases.RegistrationFunctionality.TC_RF_0022" time="7.875" errors="0" timestamp="2022-11-24T11:30:33 IST" skipped="0">
  <testcase classname="testCases.RegistrationFunctionality.TC_RF_0022" name="registred" time="7.875"/>
  <system-out/>
</testsuite> <!-- testCases.RegistrationFunctionality.TC_RF_0022 -->
