<?xml version="1.0" encoding="UTF-8"?>
<!-- Generated by org.testng.reporters.JUnitReportReporter -->
<testsuite hostname="DESKTOP-76CP6Q0" failures="0" tests="1" name="testCases.TC4_SearchTest" time="8.622" errors="0" timestamp="2022-11-09T13:07:52 IST" skipped="0">
  <testcase classname="testCases.TC4_SearchTest" name="Search" time="8.622"/>
  <system-out/>
</testsuite> <!-- testCases.TC4_SearchTest -->
