<?xml version="1.0" encoding="UTF-8"?>
<!-- Generated by org.testng.reporters.JUnitReportReporter -->
<testsuite hostname="DESKTOP-76CP6Q0" failures="0" tests="1" name="testCases.TC8_CheckOutForBuyProductTest" time="22.226" errors="0" timestamp="2022-11-10T19:32:28 IST" skipped="0">
  <testcase classname="testCases.TC8_CheckOutForBuyProductTest" name="MakeOrderdItem" time="22.226"/>
  <system-out/>
</testsuite> <!-- testCases.TC8_CheckOutForBuyProductTest -->
