<?xml version="1.0" encoding="UTF-8"?>
<!-- Generated by org.testng.reporters.JUnitReportReporter -->
<testsuite hostname="DESKTOP-76CP6Q0" failures="0" tests="1" name="testCases.RegistrationFunctionality.TC_RF_001" time="27.503" errors="0" timestamp="2022-11-10T20:12:55 IST" skipped="0">
  <testcase classname="testCases.RegistrationFunctionality.TC_RF_001" name="registration" time="27.503"/>
  <system-out/>
</testsuite> <!-- testCases.RegistrationFunctionality.TC_RF_001 -->
