<?xml version="1.0" encoding="UTF-8"?>
<!-- Generated by org.testng.reporters.JUnitReportReporter -->
<testsuite hostname="DESKTOP-76CP6Q0" failures="0" tests="1" name="testCases.TC7_OrderItem" time="7.869" errors="0" timestamp="2022-11-10T15:59:22 IST" skipped="0">
  <testcase classname="testCases.TC7_OrderItem" name="MakeOrderdItem" time="7.869"/>
  <system-out/>
</testsuite> <!-- testCases.TC7_OrderItem -->
