<?xml version="1.0" encoding="UTF-8"?>
<!-- Generated by org.testng.reporters.JUnitReportReporter -->
<testsuite hostname="DESKTOP-76CP6Q0" failures="0" tests="1" name="testCases.RegistrationFunctionality.TC_RF_0012" time="23.617" errors="0" timestamp="2022-11-29T16:45:14 IST" skipped="0">
  <testcase classname="testCases.RegistrationFunctionality.TC_RF_0012" name="registration" time="23.617"/>
  <system-out/>
</testsuite> <!-- testCases.RegistrationFunctionality.TC_RF_0012 -->
